Release 14.7 Map P.20131013 (nt64)
Xilinx Mapping Report File for Design 'BETA_TOP'

Design Information
------------------
Command Line   : map -filter "F:/Verilog
projects/BETA/BETA_ISE_WORKS/BETA_ISE/iseconfig/filter.filter" -intstyle ise -p
xc6slx9-csg324-3 -w -logic_opt off -ol high -t 1 -xt 0 -register_duplication off
-r 4 -global_opt off -mt off -ir off -pr off -lc off -power off -o
BETA_TOP_map.ncd BETA_TOP.ngd BETA_TOP.pcf 
Target Device  : xc6slx9
Target Package : csg324
Target Speed   : -3
Mapper Version : spartan6 -- $Revision: 1.55 $
Mapped Date    : Thu Mar 02 22:10:53 2017

Interim Summary
---------------
Slice Logic Utilization:
  Number of Slice Registers:                    30 out of  11,440    1%
    Number used as Flip Flops:                  30
    Number used as Latches:                      0
    Number used as Latch-thrus:                  0
    Number used as AND/OR logics:                0
  Number of Slice LUTs:                      2,382 out of   5,720   41%
    Number used as logic:                      928 out of   5,720   16%
      Number using O6 output only:             864
      Number using O5 output only:              27
      Number using O5 and O6:                   37
      Number used as ROM:                        0
    Number used as Memory:                   1,452 out of   1,440  100% (OVERMAPPED)
      Number used as Dual Port RAM:            812
        Number using O6 output only:           768
        Number using O5 output only:             0
        Number using O5 and O6:                 44
      Number used as Single Port RAM:          640
        Number using O6 output only:           640
        Number using O5 output only:             0
        Number using O5 and O6:                  0
      Number used as Shift Register:             0
    Number used exclusively as route-thrus:      2
      Number with same-slice register load:      0
      Number with same-slice carry load:         2
      Number with other load:                    0

Slice Logic Distribution:
  Number of MUXCYs used:                        96 out of   2,860    3%
  Number of LUT Flip Flop pairs used:        2,382
    Number with an unused Flip Flop:         2,352 out of   2,382   98%
    Number with an unused LUT:                   0 out of   2,382    0%
    Number of fully used LUT-FF pairs:          30 out of   2,382    1%
    Number of unique control sets:              34
    Number of slice register sites lost
      to control set restrictions:             130 out of  11,440    1%

  A LUT Flip Flop pair for this architecture represents one LUT paired with
  one Flip Flop within a slice.  A control set is a unique combination of
  clock, reset, set, and enable signals for a registered element.
  The Slice Logic Distribution report is not meaningful if the design is
  over-mapped for a non-slice resource or if Placement fails.

IO Utilization:
  Number of bonded IOBs:                       165 out of     200   82%

Specific Feature Utilization:
  Number of RAMB16BWERs:                         0 out of      32    0%
  Number of RAMB8BWERs:                          0 out of      64    0%
  Number of BUFIO2/BUFIO2_2CLKs:                 0 out of      32    0%
  Number of BUFIO2FB/BUFIO2FB_2CLKs:             0 out of      32    0%
  Number of BUFG/BUFGMUXs:                       1 out of      16    6%
    Number used as BUFGs:                        1
    Number used as BUFGMUX:                      0
  Number of DCM/DCM_CLKGENs:                     0 out of       4    0%
  Number of ILOGIC2/ISERDES2s:                   0 out of     200    0%
  Number of IODELAY2/IODRP2/IODRP2_MCBs:         0 out of     200    0%
  Number of OLOGIC2/OSERDES2s:                   0 out of     200    0%
  Number of BSCANs:                              0 out of       4    0%
  Number of BUFHs:                               0 out of     128    0%
  Number of BUFPLLs:                             0 out of       8    0%
  Number of BUFPLL_MCBs:                         0 out of       4    0%
  Number of DSP48A1s:                            0 out of      16    0%
  Number of ICAPs:                               0 out of       1    0%
  Number of MCBs:                                0 out of       2    0%
  Number of PCILOGICSEs:                         0 out of       2    0%
  Number of PLL_ADVs:                            0 out of       2    0%
  Number of PMVs:                                0 out of       1    0%
  Number of STARTUPs:                            0 out of       1    0%
  Number of SUSPEND_SYNCs:                       0 out of       1    0%


Design Summary
--------------
Number of errors   :   3
Number of warnings :   0

Section 1 - Errors
------------------
ERROR:Place:836 - Not enough free sites available for the components of the
   following type(s).
      LUTM   	Number of Components 2904   	Number of Sites 2880

ERROR:Place:375 - The design does not fit in device.
    Total LUT Utilization      : 4764 out of 11440
    LUTs used as Logic         : 1860
    LUTs used as Memory        : 2904
    FF Utilization             : 30 out of 11440


ERROR:Pack:1654 - The timing-driven placement phase encountered an error.

Section 2 - Warnings
--------------------

Section 3 - Informational
-------------------------
INFO:LIT:243 - Logical network
   instruct_mem/U0/xst_options.dist_mem_inst/gen_sdp_ram.sdpram_inst/qsdpo_int<3
   1> has no load.
INFO:LIT:395 - The above info message is repeated 195 more times for the
   following (max. 5 shown):
   instruct_mem/U0/xst_options.dist_mem_inst/gen_sdp_ram.sdpram_inst/qsdpo_int<3
   0>,
   instruct_mem/U0/xst_options.dist_mem_inst/gen_sdp_ram.sdpram_inst/qsdpo_int<2
   9>,
   instruct_mem/U0/xst_options.dist_mem_inst/gen_sdp_ram.sdpram_inst/qsdpo_int<2
   8>,
   instruct_mem/U0/xst_options.dist_mem_inst/gen_sdp_ram.sdpram_inst/qsdpo_int<2
   7>,
   instruct_mem/U0/xst_options.dist_mem_inst/gen_sdp_ram.sdpram_inst/qsdpo_int<2
   6>
   To see the details of these info messages, please use the -detail switch.
INFO:MapLib:562 - No environment variables are currently set.
INFO:LIT:244 - All of the single ended outputs in this design are using slew
   rate limited output drivers. The delay on speed critical single ended outputs
   can be dramatically reduced by designating them as fast outputs.
INFO:Pack:1716 - Initializing temperature to 85.000 Celsius. (default - Range:
   0.000 to 85.000 Celsius)
INFO:Pack:1720 - Initializing voltage to 1.140 Volts. (default - Range: 1.140 to
   1.260 Volts)
INFO:Map:215 - The Interim Design Summary has been generated in the MAP Report
   (.mrp).

Section 4 - Removed Logic Summary
---------------------------------
 128 block(s) removed
   6 block(s) optimized away
 128 signal(s) removed

Section 5 - Removed Logic
-------------------------

The trimmed logic report below shows the logic removed from your design due to
sourceless or loadless signals, and VCC or ground connections.  If the removal
of a signal or symbol results in the subsequent removal of an additional signal
or symbol, the message explaining that second removal will be indented.  This
indentation will be repeated as a chain of related logic is removed.

To quickly locate the original cause for the removal of a chain of logic, look
above the place where that logic is listed in the trimming report, then locate
the lines that are least indented (begin at the leftmost edge).

The signal
"instruct_mem/U0/xst_options.dist_mem_inst/gen_sdp_ram.sdpram_inst/qsdpo_int<31>
" is sourceless and has been removed.
The signal
"instruct_mem/U0/xst_options.dist_mem_inst/gen_sdp_ram.sdpram_inst/qsdpo_int<30>
" is sourceless and has been removed.
The signal
"instruct_mem/U0/xst_options.dist_mem_inst/gen_sdp_ram.sdpram_inst/qsdpo_int<29>
" is sourceless and has been removed.
The signal
"instruct_mem/U0/xst_options.dist_mem_inst/gen_sdp_ram.sdpram_inst/qsdpo_int<28>
" is sourceless and has been removed.
The signal
"instruct_mem/U0/xst_options.dist_mem_inst/gen_sdp_ram.sdpram_inst/qsdpo_int<27>
" is sourceless and has been removed.
The signal
"instruct_mem/U0/xst_options.dist_mem_inst/gen_sdp_ram.sdpram_inst/qsdpo_int<26>
" is sourceless and has been removed.
The signal
"instruct_mem/U0/xst_options.dist_mem_inst/gen_sdp_ram.sdpram_inst/qsdpo_int<25>
" is sourceless and has been removed.
The signal
"instruct_mem/U0/xst_options.dist_mem_inst/gen_sdp_ram.sdpram_inst/qsdpo_int<24>
" is sourceless and has been removed.
The signal
"instruct_mem/U0/xst_options.dist_mem_inst/gen_sdp_ram.sdpram_inst/qsdpo_int<23>
" is sourceless and has been removed.
The signal
"instruct_mem/U0/xst_options.dist_mem_inst/gen_sdp_ram.sdpram_inst/qsdpo_int<22>
" is sourceless and has been removed.
The signal
"instruct_mem/U0/xst_options.dist_mem_inst/gen_sdp_ram.sdpram_inst/qsdpo_int<21>
" is sourceless and has been removed.
The signal
"instruct_mem/U0/xst_options.dist_mem_inst/gen_sdp_ram.sdpram_inst/qsdpo_int<20>
" is sourceless and has been removed.
The signal
"instruct_mem/U0/xst_options.dist_mem_inst/gen_sdp_ram.sdpram_inst/qsdpo_int<19>
" is sourceless and has been removed.
The signal
"instruct_mem/U0/xst_options.dist_mem_inst/gen_sdp_ram.sdpram_inst/qsdpo_int<18>
" is sourceless and has been removed.
The signal
"instruct_mem/U0/xst_options.dist_mem_inst/gen_sdp_ram.sdpram_inst/qsdpo_int<17>
" is sourceless and has been removed.
The signal
"instruct_mem/U0/xst_options.dist_mem_inst/gen_sdp_ram.sdpram_inst/qsdpo_int<16>
" is sourceless and has been removed.
The signal
"instruct_mem/U0/xst_options.dist_mem_inst/gen_sdp_ram.sdpram_inst/qsdpo_int<15>
" is sourceless and has been removed.
The signal
"instruct_mem/U0/xst_options.dist_mem_inst/gen_sdp_ram.sdpram_inst/qsdpo_int<14>
" is sourceless and has been removed.
The signal
"instruct_mem/U0/xst_options.dist_mem_inst/gen_sdp_ram.sdpram_inst/qsdpo_int<13>
" is sourceless and has been removed.
The signal
"instruct_mem/U0/xst_options.dist_mem_inst/gen_sdp_ram.sdpram_inst/qsdpo_int<12>
" is sourceless and has been removed.
The signal
"instruct_mem/U0/xst_options.dist_mem_inst/gen_sdp_ram.sdpram_inst/qsdpo_int<11>
" is sourceless and has been removed.
The signal
"instruct_mem/U0/xst_options.dist_mem_inst/gen_sdp_ram.sdpram_inst/qsdpo_int<10>
" is sourceless and has been removed.
The signal
"instruct_mem/U0/xst_options.dist_mem_inst/gen_sdp_ram.sdpram_inst/qsdpo_int<9>"
is sourceless and has been removed.
The signal
"instruct_mem/U0/xst_options.dist_mem_inst/gen_sdp_ram.sdpram_inst/qsdpo_int<8>"
is sourceless and has been removed.
The signal
"instruct_mem/U0/xst_options.dist_mem_inst/gen_sdp_ram.sdpram_inst/qsdpo_int<7>"
is sourceless and has been removed.
The signal
"instruct_mem/U0/xst_options.dist_mem_inst/gen_sdp_ram.sdpram_inst/qsdpo_int<6>"
is sourceless and has been removed.
The signal
"instruct_mem/U0/xst_options.dist_mem_inst/gen_sdp_ram.sdpram_inst/qsdpo_int<5>"
is sourceless and has been removed.
The signal
"instruct_mem/U0/xst_options.dist_mem_inst/gen_sdp_ram.sdpram_inst/qsdpo_int<4>"
is sourceless and has been removed.
The signal
"instruct_mem/U0/xst_options.dist_mem_inst/gen_sdp_ram.sdpram_inst/qsdpo_int<3>"
is sourceless and has been removed.
The signal
"instruct_mem/U0/xst_options.dist_mem_inst/gen_sdp_ram.sdpram_inst/qsdpo_int<2>"
is sourceless and has been removed.
The signal
"instruct_mem/U0/xst_options.dist_mem_inst/gen_sdp_ram.sdpram_inst/qsdpo_int<1>"
is sourceless and has been removed.
The signal
"instruct_mem/U0/xst_options.dist_mem_inst/gen_sdp_ram.sdpram_inst/qsdpo_int<0>"
is sourceless and has been removed.
The signal
"data_mem/U0/xst_options.dist_mem_inst/gen_sdp_ram.sdpram_inst/qsdpo_int<31>" is
sourceless and has been removed.
The signal
"data_mem/U0/xst_options.dist_mem_inst/gen_sdp_ram.sdpram_inst/qsdpo_int<30>" is
sourceless and has been removed.
The signal
"data_mem/U0/xst_options.dist_mem_inst/gen_sdp_ram.sdpram_inst/qsdpo_int<29>" is
sourceless and has been removed.
The signal
"data_mem/U0/xst_options.dist_mem_inst/gen_sdp_ram.sdpram_inst/qsdpo_int<28>" is
sourceless and has been removed.
The signal
"data_mem/U0/xst_options.dist_mem_inst/gen_sdp_ram.sdpram_inst/qsdpo_int<27>" is
sourceless and has been removed.
The signal
"data_mem/U0/xst_options.dist_mem_inst/gen_sdp_ram.sdpram_inst/qsdpo_int<26>" is
sourceless and has been removed.
The signal
"data_mem/U0/xst_options.dist_mem_inst/gen_sdp_ram.sdpram_inst/qsdpo_int<25>" is
sourceless and has been removed.
The signal
"data_mem/U0/xst_options.dist_mem_inst/gen_sdp_ram.sdpram_inst/qsdpo_int<24>" is
sourceless and has been removed.
The signal
"data_mem/U0/xst_options.dist_mem_inst/gen_sdp_ram.sdpram_inst/qsdpo_int<23>" is
sourceless and has been removed.
The signal
"data_mem/U0/xst_options.dist_mem_inst/gen_sdp_ram.sdpram_inst/qsdpo_int<22>" is
sourceless and has been removed.
The signal
"data_mem/U0/xst_options.dist_mem_inst/gen_sdp_ram.sdpram_inst/qsdpo_int<21>" is
sourceless and has been removed.
The signal
"data_mem/U0/xst_options.dist_mem_inst/gen_sdp_ram.sdpram_inst/qsdpo_int<20>" is
sourceless and has been removed.
The signal
"data_mem/U0/xst_options.dist_mem_inst/gen_sdp_ram.sdpram_inst/qsdpo_int<19>" is
sourceless and has been removed.
The signal
"data_mem/U0/xst_options.dist_mem_inst/gen_sdp_ram.sdpram_inst/qsdpo_int<18>" is
sourceless and has been removed.
The signal
"data_mem/U0/xst_options.dist_mem_inst/gen_sdp_ram.sdpram_inst/qsdpo_int<17>" is
sourceless and has been removed.
The signal
"data_mem/U0/xst_options.dist_mem_inst/gen_sdp_ram.sdpram_inst/qsdpo_int<16>" is
sourceless and has been removed.
The signal
"data_mem/U0/xst_options.dist_mem_inst/gen_sdp_ram.sdpram_inst/qsdpo_int<15>" is
sourceless and has been removed.
The signal
"data_mem/U0/xst_options.dist_mem_inst/gen_sdp_ram.sdpram_inst/qsdpo_int<14>" is
sourceless and has been removed.
The signal
"data_mem/U0/xst_options.dist_mem_inst/gen_sdp_ram.sdpram_inst/qsdpo_int<13>" is
sourceless and has been removed.
The signal
"data_mem/U0/xst_options.dist_mem_inst/gen_sdp_ram.sdpram_inst/qsdpo_int<12>" is
sourceless and has been removed.
The signal
"data_mem/U0/xst_options.dist_mem_inst/gen_sdp_ram.sdpram_inst/qsdpo_int<11>" is
sourceless and has been removed.
The signal
"data_mem/U0/xst_options.dist_mem_inst/gen_sdp_ram.sdpram_inst/qsdpo_int<10>" is
sourceless and has been removed.
The signal
"data_mem/U0/xst_options.dist_mem_inst/gen_sdp_ram.sdpram_inst/qsdpo_int<9>" is
sourceless and has been removed.
The signal
"data_mem/U0/xst_options.dist_mem_inst/gen_sdp_ram.sdpram_inst/qsdpo_int<8>" is
sourceless and has been removed.
The signal
"data_mem/U0/xst_options.dist_mem_inst/gen_sdp_ram.sdpram_inst/qsdpo_int<7>" is
sourceless and has been removed.
The signal
"data_mem/U0/xst_options.dist_mem_inst/gen_sdp_ram.sdpram_inst/qsdpo_int<6>" is
sourceless and has been removed.
The signal
"data_mem/U0/xst_options.dist_mem_inst/gen_sdp_ram.sdpram_inst/qsdpo_int<5>" is
sourceless and has been removed.
The signal
"data_mem/U0/xst_options.dist_mem_inst/gen_sdp_ram.sdpram_inst/qsdpo_int<4>" is
sourceless and has been removed.
The signal
"data_mem/U0/xst_options.dist_mem_inst/gen_sdp_ram.sdpram_inst/qsdpo_int<3>" is
sourceless and has been removed.
The signal
"data_mem/U0/xst_options.dist_mem_inst/gen_sdp_ram.sdpram_inst/qsdpo_int<2>" is
sourceless and has been removed.
The signal
"data_mem/U0/xst_options.dist_mem_inst/gen_sdp_ram.sdpram_inst/qsdpo_int<1>" is
sourceless and has been removed.
The signal
"data_mem/U0/xst_options.dist_mem_inst/gen_sdp_ram.sdpram_inst/qsdpo_int<0>" is
sourceless and has been removed.
The signal
"beta/rf/B_DIST/U0/xst_options.dist_mem_inst/gen_sdp_ram.sdpram_inst/qsdpo_int<3
1>" is sourceless and has been removed.
The signal
"beta/rf/B_DIST/U0/xst_options.dist_mem_inst/gen_sdp_ram.sdpram_inst/qsdpo_int<3
0>" is sourceless and has been removed.
The signal
"beta/rf/B_DIST/U0/xst_options.dist_mem_inst/gen_sdp_ram.sdpram_inst/qsdpo_int<2
9>" is sourceless and has been removed.
The signal
"beta/rf/B_DIST/U0/xst_options.dist_mem_inst/gen_sdp_ram.sdpram_inst/qsdpo_int<2
8>" is sourceless and has been removed.
The signal
"beta/rf/B_DIST/U0/xst_options.dist_mem_inst/gen_sdp_ram.sdpram_inst/qsdpo_int<2
7>" is sourceless and has been removed.
The signal
"beta/rf/B_DIST/U0/xst_options.dist_mem_inst/gen_sdp_ram.sdpram_inst/qsdpo_int<2
6>" is sourceless and has been removed.
The signal
"beta/rf/B_DIST/U0/xst_options.dist_mem_inst/gen_sdp_ram.sdpram_inst/qsdpo_int<2
5>" is sourceless and has been removed.
The signal
"beta/rf/B_DIST/U0/xst_options.dist_mem_inst/gen_sdp_ram.sdpram_inst/qsdpo_int<2
4>" is sourceless and has been removed.
The signal
"beta/rf/B_DIST/U0/xst_options.dist_mem_inst/gen_sdp_ram.sdpram_inst/qsdpo_int<2
3>" is sourceless and has been removed.
The signal
"beta/rf/B_DIST/U0/xst_options.dist_mem_inst/gen_sdp_ram.sdpram_inst/qsdpo_int<2
2>" is sourceless and has been removed.
The signal
"beta/rf/B_DIST/U0/xst_options.dist_mem_inst/gen_sdp_ram.sdpram_inst/qsdpo_int<2
1>" is sourceless and has been removed.
The signal
"beta/rf/B_DIST/U0/xst_options.dist_mem_inst/gen_sdp_ram.sdpram_inst/qsdpo_int<2
0>" is sourceless and has been removed.
The signal
"beta/rf/B_DIST/U0/xst_options.dist_mem_inst/gen_sdp_ram.sdpram_inst/qsdpo_int<1
9>" is sourceless and has been removed.
The signal
"beta/rf/B_DIST/U0/xst_options.dist_mem_inst/gen_sdp_ram.sdpram_inst/qsdpo_int<1
8>" is sourceless and has been removed.
The signal
"beta/rf/B_DIST/U0/xst_options.dist_mem_inst/gen_sdp_ram.sdpram_inst/qsdpo_int<1
7>" is sourceless and has been removed.
The signal
"beta/rf/B_DIST/U0/xst_options.dist_mem_inst/gen_sdp_ram.sdpram_inst/qsdpo_int<1
6>" is sourceless and has been removed.
The signal
"beta/rf/B_DIST/U0/xst_options.dist_mem_inst/gen_sdp_ram.sdpram_inst/qsdpo_int<1
5>" is sourceless and has been removed.
The signal
"beta/rf/B_DIST/U0/xst_options.dist_mem_inst/gen_sdp_ram.sdpram_inst/qsdpo_int<1
4>" is sourceless and has been removed.
The signal
"beta/rf/B_DIST/U0/xst_options.dist_mem_inst/gen_sdp_ram.sdpram_inst/qsdpo_int<1
3>" is sourceless and has been removed.
The signal
"beta/rf/B_DIST/U0/xst_options.dist_mem_inst/gen_sdp_ram.sdpram_inst/qsdpo_int<1
2>" is sourceless and has been removed.
The signal
"beta/rf/B_DIST/U0/xst_options.dist_mem_inst/gen_sdp_ram.sdpram_inst/qsdpo_int<1
1>" is sourceless and has been removed.
The signal
"beta/rf/B_DIST/U0/xst_options.dist_mem_inst/gen_sdp_ram.sdpram_inst/qsdpo_int<1
0>" is sourceless and has been removed.
The signal
"beta/rf/B_DIST/U0/xst_options.dist_mem_inst/gen_sdp_ram.sdpram_inst/qsdpo_int<9
>" is sourceless and has been removed.
The signal
"beta/rf/B_DIST/U0/xst_options.dist_mem_inst/gen_sdp_ram.sdpram_inst/qsdpo_int<8
>" is sourceless and has been removed.
The signal
"beta/rf/B_DIST/U0/xst_options.dist_mem_inst/gen_sdp_ram.sdpram_inst/qsdpo_int<7
>" is sourceless and has been removed.
The signal
"beta/rf/B_DIST/U0/xst_options.dist_mem_inst/gen_sdp_ram.sdpram_inst/qsdpo_int<6
>" is sourceless and has been removed.
The signal
"beta/rf/B_DIST/U0/xst_options.dist_mem_inst/gen_sdp_ram.sdpram_inst/qsdpo_int<5
>" is sourceless and has been removed.
The signal
"beta/rf/B_DIST/U0/xst_options.dist_mem_inst/gen_sdp_ram.sdpram_inst/qsdpo_int<4
>" is sourceless and has been removed.
The signal
"beta/rf/B_DIST/U0/xst_options.dist_mem_inst/gen_sdp_ram.sdpram_inst/qsdpo_int<3
>" is sourceless and has been removed.
The signal
"beta/rf/B_DIST/U0/xst_options.dist_mem_inst/gen_sdp_ram.sdpram_inst/qsdpo_int<2
>" is sourceless and has been removed.
The signal
"beta/rf/B_DIST/U0/xst_options.dist_mem_inst/gen_sdp_ram.sdpram_inst/qsdpo_int<1
>" is sourceless and has been removed.
The signal
"beta/rf/B_DIST/U0/xst_options.dist_mem_inst/gen_sdp_ram.sdpram_inst/qsdpo_int<0
>" is sourceless and has been removed.
The signal
"beta/rf/A_DIST/U0/xst_options.dist_mem_inst/gen_sdp_ram.sdpram_inst/qsdpo_int<3
1>" is sourceless and has been removed.
The signal
"beta/rf/A_DIST/U0/xst_options.dist_mem_inst/gen_sdp_ram.sdpram_inst/qsdpo_int<3
0>" is sourceless and has been removed.
The signal
"beta/rf/A_DIST/U0/xst_options.dist_mem_inst/gen_sdp_ram.sdpram_inst/qsdpo_int<2
9>" is sourceless and has been removed.
The signal
"beta/rf/A_DIST/U0/xst_options.dist_mem_inst/gen_sdp_ram.sdpram_inst/qsdpo_int<2
8>" is sourceless and has been removed.
The signal
"beta/rf/A_DIST/U0/xst_options.dist_mem_inst/gen_sdp_ram.sdpram_inst/qsdpo_int<2
7>" is sourceless and has been removed.
The signal
"beta/rf/A_DIST/U0/xst_options.dist_mem_inst/gen_sdp_ram.sdpram_inst/qsdpo_int<2
6>" is sourceless and has been removed.
The signal
"beta/rf/A_DIST/U0/xst_options.dist_mem_inst/gen_sdp_ram.sdpram_inst/qsdpo_int<2
5>" is sourceless and has been removed.
The signal
"beta/rf/A_DIST/U0/xst_options.dist_mem_inst/gen_sdp_ram.sdpram_inst/qsdpo_int<2
4>" is sourceless and has been removed.
The signal
"beta/rf/A_DIST/U0/xst_options.dist_mem_inst/gen_sdp_ram.sdpram_inst/qsdpo_int<2
3>" is sourceless and has been removed.
The signal
"beta/rf/A_DIST/U0/xst_options.dist_mem_inst/gen_sdp_ram.sdpram_inst/qsdpo_int<2
2>" is sourceless and has been removed.
The signal
"beta/rf/A_DIST/U0/xst_options.dist_mem_inst/gen_sdp_ram.sdpram_inst/qsdpo_int<2
1>" is sourceless and has been removed.
The signal
"beta/rf/A_DIST/U0/xst_options.dist_mem_inst/gen_sdp_ram.sdpram_inst/qsdpo_int<2
0>" is sourceless and has been removed.
The signal
"beta/rf/A_DIST/U0/xst_options.dist_mem_inst/gen_sdp_ram.sdpram_inst/qsdpo_int<1
9>" is sourceless and has been removed.
The signal
"beta/rf/A_DIST/U0/xst_options.dist_mem_inst/gen_sdp_ram.sdpram_inst/qsdpo_int<1
8>" is sourceless and has been removed.
The signal
"beta/rf/A_DIST/U0/xst_options.dist_mem_inst/gen_sdp_ram.sdpram_inst/qsdpo_int<1
7>" is sourceless and has been removed.
The signal
"beta/rf/A_DIST/U0/xst_options.dist_mem_inst/gen_sdp_ram.sdpram_inst/qsdpo_int<1
6>" is sourceless and has been removed.
The signal
"beta/rf/A_DIST/U0/xst_options.dist_mem_inst/gen_sdp_ram.sdpram_inst/qsdpo_int<1
5>" is sourceless and has been removed.
The signal
"beta/rf/A_DIST/U0/xst_options.dist_mem_inst/gen_sdp_ram.sdpram_inst/qsdpo_int<1
4>" is sourceless and has been removed.
The signal
"beta/rf/A_DIST/U0/xst_options.dist_mem_inst/gen_sdp_ram.sdpram_inst/qsdpo_int<1
3>" is sourceless and has been removed.
The signal
"beta/rf/A_DIST/U0/xst_options.dist_mem_inst/gen_sdp_ram.sdpram_inst/qsdpo_int<1
2>" is sourceless and has been removed.
The signal
"beta/rf/A_DIST/U0/xst_options.dist_mem_inst/gen_sdp_ram.sdpram_inst/qsdpo_int<1
1>" is sourceless and has been removed.
The signal
"beta/rf/A_DIST/U0/xst_options.dist_mem_inst/gen_sdp_ram.sdpram_inst/qsdpo_int<1
0>" is sourceless and has been removed.
The signal
"beta/rf/A_DIST/U0/xst_options.dist_mem_inst/gen_sdp_ram.sdpram_inst/qsdpo_int<9
>" is sourceless and has been removed.
The signal
"beta/rf/A_DIST/U0/xst_options.dist_mem_inst/gen_sdp_ram.sdpram_inst/qsdpo_int<8
>" is sourceless and has been removed.
The signal
"beta/rf/A_DIST/U0/xst_options.dist_mem_inst/gen_sdp_ram.sdpram_inst/qsdpo_int<7
>" is sourceless and has been removed.
The signal
"beta/rf/A_DIST/U0/xst_options.dist_mem_inst/gen_sdp_ram.sdpram_inst/qsdpo_int<6
>" is sourceless and has been removed.
The signal
"beta/rf/A_DIST/U0/xst_options.dist_mem_inst/gen_sdp_ram.sdpram_inst/qsdpo_int<5
>" is sourceless and has been removed.
The signal
"beta/rf/A_DIST/U0/xst_options.dist_mem_inst/gen_sdp_ram.sdpram_inst/qsdpo_int<4
>" is sourceless and has been removed.
The signal
"beta/rf/A_DIST/U0/xst_options.dist_mem_inst/gen_sdp_ram.sdpram_inst/qsdpo_int<3
>" is sourceless and has been removed.
The signal
"beta/rf/A_DIST/U0/xst_options.dist_mem_inst/gen_sdp_ram.sdpram_inst/qsdpo_int<2
>" is sourceless and has been removed.
The signal
"beta/rf/A_DIST/U0/xst_options.dist_mem_inst/gen_sdp_ram.sdpram_inst/qsdpo_int<1
>" is sourceless and has been removed.
The signal
"beta/rf/A_DIST/U0/xst_options.dist_mem_inst/gen_sdp_ram.sdpram_inst/qsdpo_int<0
>" is sourceless and has been removed.
Unused block
"beta/rf/A_DIST/U0/xst_options.dist_mem_inst/gen_sdp_ram.sdpram_inst/qsdpo_int_0
" (FF) removed.
Unused block
"beta/rf/A_DIST/U0/xst_options.dist_mem_inst/gen_sdp_ram.sdpram_inst/qsdpo_int_1
" (FF) removed.
Unused block
"beta/rf/A_DIST/U0/xst_options.dist_mem_inst/gen_sdp_ram.sdpram_inst/qsdpo_int_1
0" (FF) removed.
Unused block
"beta/rf/A_DIST/U0/xst_options.dist_mem_inst/gen_sdp_ram.sdpram_inst/qsdpo_int_1
1" (FF) removed.
Unused block
"beta/rf/A_DIST/U0/xst_options.dist_mem_inst/gen_sdp_ram.sdpram_inst/qsdpo_int_1
2" (FF) removed.
Unused block
"beta/rf/A_DIST/U0/xst_options.dist_mem_inst/gen_sdp_ram.sdpram_inst/qsdpo_int_1
3" (FF) removed.
Unused block
"beta/rf/A_DIST/U0/xst_options.dist_mem_inst/gen_sdp_ram.sdpram_inst/qsdpo_int_1
4" (FF) removed.
Unused block
"beta/rf/A_DIST/U0/xst_options.dist_mem_inst/gen_sdp_ram.sdpram_inst/qsdpo_int_1
5" (FF) removed.
Unused block
"beta/rf/A_DIST/U0/xst_options.dist_mem_inst/gen_sdp_ram.sdpram_inst/qsdpo_int_1
6" (FF) removed.
Unused block
"beta/rf/A_DIST/U0/xst_options.dist_mem_inst/gen_sdp_ram.sdpram_inst/qsdpo_int_1
7" (FF) removed.
Unused block
"beta/rf/A_DIST/U0/xst_options.dist_mem_inst/gen_sdp_ram.sdpram_inst/qsdpo_int_1
8" (FF) removed.
Unused block
"beta/rf/A_DIST/U0/xst_options.dist_mem_inst/gen_sdp_ram.sdpram_inst/qsdpo_int_1
9" (FF) removed.
Unused block
"beta/rf/A_DIST/U0/xst_options.dist_mem_inst/gen_sdp_ram.sdpram_inst/qsdpo_int_2
" (FF) removed.
Unused block
"beta/rf/A_DIST/U0/xst_options.dist_mem_inst/gen_sdp_ram.sdpram_inst/qsdpo_int_2
0" (FF) removed.
Unused block
"beta/rf/A_DIST/U0/xst_options.dist_mem_inst/gen_sdp_ram.sdpram_inst/qsdpo_int_2
1" (FF) removed.
Unused block
"beta/rf/A_DIST/U0/xst_options.dist_mem_inst/gen_sdp_ram.sdpram_inst/qsdpo_int_2
2" (FF) removed.
Unused block
"beta/rf/A_DIST/U0/xst_options.dist_mem_inst/gen_sdp_ram.sdpram_inst/qsdpo_int_2
3" (FF) removed.
Unused block
"beta/rf/A_DIST/U0/xst_options.dist_mem_inst/gen_sdp_ram.sdpram_inst/qsdpo_int_2
4" (FF) removed.
Unused block
"beta/rf/A_DIST/U0/xst_options.dist_mem_inst/gen_sdp_ram.sdpram_inst/qsdpo_int_2
5" (FF) removed.
Unused block
"beta/rf/A_DIST/U0/xst_options.dist_mem_inst/gen_sdp_ram.sdpram_inst/qsdpo_int_2
6" (FF) removed.
Unused block
"beta/rf/A_DIST/U0/xst_options.dist_mem_inst/gen_sdp_ram.sdpram_inst/qsdpo_int_2
7" (FF) removed.
Unused block
"beta/rf/A_DIST/U0/xst_options.dist_mem_inst/gen_sdp_ram.sdpram_inst/qsdpo_int_2
8" (FF) removed.
Unused block
"beta/rf/A_DIST/U0/xst_options.dist_mem_inst/gen_sdp_ram.sdpram_inst/qsdpo_int_2
9" (FF) removed.
Unused block
"beta/rf/A_DIST/U0/xst_options.dist_mem_inst/gen_sdp_ram.sdpram_inst/qsdpo_int_3
" (FF) removed.
Unused block
"beta/rf/A_DIST/U0/xst_options.dist_mem_inst/gen_sdp_ram.sdpram_inst/qsdpo_int_3
0" (FF) removed.
Unused block
"beta/rf/A_DIST/U0/xst_options.dist_mem_inst/gen_sdp_ram.sdpram_inst/qsdpo_int_3
1" (FF) removed.
Unused block
"beta/rf/A_DIST/U0/xst_options.dist_mem_inst/gen_sdp_ram.sdpram_inst/qsdpo_int_4
" (FF) removed.
Unused block
"beta/rf/A_DIST/U0/xst_options.dist_mem_inst/gen_sdp_ram.sdpram_inst/qsdpo_int_5
" (FF) removed.
Unused block
"beta/rf/A_DIST/U0/xst_options.dist_mem_inst/gen_sdp_ram.sdpram_inst/qsdpo_int_6
" (FF) removed.
Unused block
"beta/rf/A_DIST/U0/xst_options.dist_mem_inst/gen_sdp_ram.sdpram_inst/qsdpo_int_7
" (FF) removed.
Unused block
"beta/rf/A_DIST/U0/xst_options.dist_mem_inst/gen_sdp_ram.sdpram_inst/qsdpo_int_8
" (FF) removed.
Unused block
"beta/rf/A_DIST/U0/xst_options.dist_mem_inst/gen_sdp_ram.sdpram_inst/qsdpo_int_9
" (FF) removed.
Unused block
"beta/rf/B_DIST/U0/xst_options.dist_mem_inst/gen_sdp_ram.sdpram_inst/qsdpo_int_0
" (FF) removed.
Unused block
"beta/rf/B_DIST/U0/xst_options.dist_mem_inst/gen_sdp_ram.sdpram_inst/qsdpo_int_1
" (FF) removed.
Unused block
"beta/rf/B_DIST/U0/xst_options.dist_mem_inst/gen_sdp_ram.sdpram_inst/qsdpo_int_1
0" (FF) removed.
Unused block
"beta/rf/B_DIST/U0/xst_options.dist_mem_inst/gen_sdp_ram.sdpram_inst/qsdpo_int_1
1" (FF) removed.
Unused block
"beta/rf/B_DIST/U0/xst_options.dist_mem_inst/gen_sdp_ram.sdpram_inst/qsdpo_int_1
2" (FF) removed.
Unused block
"beta/rf/B_DIST/U0/xst_options.dist_mem_inst/gen_sdp_ram.sdpram_inst/qsdpo_int_1
3" (FF) removed.
Unused block
"beta/rf/B_DIST/U0/xst_options.dist_mem_inst/gen_sdp_ram.sdpram_inst/qsdpo_int_1
4" (FF) removed.
Unused block
"beta/rf/B_DIST/U0/xst_options.dist_mem_inst/gen_sdp_ram.sdpram_inst/qsdpo_int_1
5" (FF) removed.
Unused block
"beta/rf/B_DIST/U0/xst_options.dist_mem_inst/gen_sdp_ram.sdpram_inst/qsdpo_int_1
6" (FF) removed.
Unused block
"beta/rf/B_DIST/U0/xst_options.dist_mem_inst/gen_sdp_ram.sdpram_inst/qsdpo_int_1
7" (FF) removed.
Unused block
"beta/rf/B_DIST/U0/xst_options.dist_mem_inst/gen_sdp_ram.sdpram_inst/qsdpo_int_1
8" (FF) removed.
Unused block
"beta/rf/B_DIST/U0/xst_options.dist_mem_inst/gen_sdp_ram.sdpram_inst/qsdpo_int_1
9" (FF) removed.
Unused block
"beta/rf/B_DIST/U0/xst_options.dist_mem_inst/gen_sdp_ram.sdpram_inst/qsdpo_int_2
" (FF) removed.
Unused block
"beta/rf/B_DIST/U0/xst_options.dist_mem_inst/gen_sdp_ram.sdpram_inst/qsdpo_int_2
0" (FF) removed.
Unused block
"beta/rf/B_DIST/U0/xst_options.dist_mem_inst/gen_sdp_ram.sdpram_inst/qsdpo_int_2
1" (FF) removed.
Unused block
"beta/rf/B_DIST/U0/xst_options.dist_mem_inst/gen_sdp_ram.sdpram_inst/qsdpo_int_2
2" (FF) removed.
Unused block
"beta/rf/B_DIST/U0/xst_options.dist_mem_inst/gen_sdp_ram.sdpram_inst/qsdpo_int_2
3" (FF) removed.
Unused block
"beta/rf/B_DIST/U0/xst_options.dist_mem_inst/gen_sdp_ram.sdpram_inst/qsdpo_int_2
4" (FF) removed.
Unused block
"beta/rf/B_DIST/U0/xst_options.dist_mem_inst/gen_sdp_ram.sdpram_inst/qsdpo_int_2
5" (FF) removed.
Unused block
"beta/rf/B_DIST/U0/xst_options.dist_mem_inst/gen_sdp_ram.sdpram_inst/qsdpo_int_2
6" (FF) removed.
Unused block
"beta/rf/B_DIST/U0/xst_options.dist_mem_inst/gen_sdp_ram.sdpram_inst/qsdpo_int_2
7" (FF) removed.
Unused block
"beta/rf/B_DIST/U0/xst_options.dist_mem_inst/gen_sdp_ram.sdpram_inst/qsdpo_int_2
8" (FF) removed.
Unused block
"beta/rf/B_DIST/U0/xst_options.dist_mem_inst/gen_sdp_ram.sdpram_inst/qsdpo_int_2
9" (FF) removed.
Unused block
"beta/rf/B_DIST/U0/xst_options.dist_mem_inst/gen_sdp_ram.sdpram_inst/qsdpo_int_3
" (FF) removed.
Unused block
"beta/rf/B_DIST/U0/xst_options.dist_mem_inst/gen_sdp_ram.sdpram_inst/qsdpo_int_3
0" (FF) removed.
Unused block
"beta/rf/B_DIST/U0/xst_options.dist_mem_inst/gen_sdp_ram.sdpram_inst/qsdpo_int_3
1" (FF) removed.
Unused block
"beta/rf/B_DIST/U0/xst_options.dist_mem_inst/gen_sdp_ram.sdpram_inst/qsdpo_int_4
" (FF) removed.
Unused block
"beta/rf/B_DIST/U0/xst_options.dist_mem_inst/gen_sdp_ram.sdpram_inst/qsdpo_int_5
" (FF) removed.
Unused block
"beta/rf/B_DIST/U0/xst_options.dist_mem_inst/gen_sdp_ram.sdpram_inst/qsdpo_int_6
" (FF) removed.
Unused block
"beta/rf/B_DIST/U0/xst_options.dist_mem_inst/gen_sdp_ram.sdpram_inst/qsdpo_int_7
" (FF) removed.
Unused block
"beta/rf/B_DIST/U0/xst_options.dist_mem_inst/gen_sdp_ram.sdpram_inst/qsdpo_int_8
" (FF) removed.
Unused block
"beta/rf/B_DIST/U0/xst_options.dist_mem_inst/gen_sdp_ram.sdpram_inst/qsdpo_int_9
" (FF) removed.
Unused block
"data_mem/U0/xst_options.dist_mem_inst/gen_sdp_ram.sdpram_inst/qsdpo_int_0" (FF)
removed.
Unused block
"data_mem/U0/xst_options.dist_mem_inst/gen_sdp_ram.sdpram_inst/qsdpo_int_1" (FF)
removed.
Unused block
"data_mem/U0/xst_options.dist_mem_inst/gen_sdp_ram.sdpram_inst/qsdpo_int_10"
(FF) removed.
Unused block
"data_mem/U0/xst_options.dist_mem_inst/gen_sdp_ram.sdpram_inst/qsdpo_int_11"
(FF) removed.
Unused block
"data_mem/U0/xst_options.dist_mem_inst/gen_sdp_ram.sdpram_inst/qsdpo_int_12"
(FF) removed.
Unused block
"data_mem/U0/xst_options.dist_mem_inst/gen_sdp_ram.sdpram_inst/qsdpo_int_13"
(FF) removed.
Unused block
"data_mem/U0/xst_options.dist_mem_inst/gen_sdp_ram.sdpram_inst/qsdpo_int_14"
(FF) removed.
Unused block
"data_mem/U0/xst_options.dist_mem_inst/gen_sdp_ram.sdpram_inst/qsdpo_int_15"
(FF) removed.
Unused block
"data_mem/U0/xst_options.dist_mem_inst/gen_sdp_ram.sdpram_inst/qsdpo_int_16"
(FF) removed.
Unused block
"data_mem/U0/xst_options.dist_mem_inst/gen_sdp_ram.sdpram_inst/qsdpo_int_17"
(FF) removed.
Unused block
"data_mem/U0/xst_options.dist_mem_inst/gen_sdp_ram.sdpram_inst/qsdpo_int_18"
(FF) removed.
Unused block
"data_mem/U0/xst_options.dist_mem_inst/gen_sdp_ram.sdpram_inst/qsdpo_int_19"
(FF) removed.
Unused block
"data_mem/U0/xst_options.dist_mem_inst/gen_sdp_ram.sdpram_inst/qsdpo_int_2" (FF)
removed.
Unused block
"data_mem/U0/xst_options.dist_mem_inst/gen_sdp_ram.sdpram_inst/qsdpo_int_20"
(FF) removed.
Unused block
"data_mem/U0/xst_options.dist_mem_inst/gen_sdp_ram.sdpram_inst/qsdpo_int_21"
(FF) removed.
Unused block
"data_mem/U0/xst_options.dist_mem_inst/gen_sdp_ram.sdpram_inst/qsdpo_int_22"
(FF) removed.
Unused block
"data_mem/U0/xst_options.dist_mem_inst/gen_sdp_ram.sdpram_inst/qsdpo_int_23"
(FF) removed.
Unused block
"data_mem/U0/xst_options.dist_mem_inst/gen_sdp_ram.sdpram_inst/qsdpo_int_24"
(FF) removed.
Unused block
"data_mem/U0/xst_options.dist_mem_inst/gen_sdp_ram.sdpram_inst/qsdpo_int_25"
(FF) removed.
Unused block
"data_mem/U0/xst_options.dist_mem_inst/gen_sdp_ram.sdpram_inst/qsdpo_int_26"
(FF) removed.
Unused block
"data_mem/U0/xst_options.dist_mem_inst/gen_sdp_ram.sdpram_inst/qsdpo_int_27"
(FF) removed.
Unused block
"data_mem/U0/xst_options.dist_mem_inst/gen_sdp_ram.sdpram_inst/qsdpo_int_28"
(FF) removed.
Unused block
"data_mem/U0/xst_options.dist_mem_inst/gen_sdp_ram.sdpram_inst/qsdpo_int_29"
(FF) removed.
Unused block
"data_mem/U0/xst_options.dist_mem_inst/gen_sdp_ram.sdpram_inst/qsdpo_int_3" (FF)
removed.
Unused block
"data_mem/U0/xst_options.dist_mem_inst/gen_sdp_ram.sdpram_inst/qsdpo_int_30"
(FF) removed.
Unused block
"data_mem/U0/xst_options.dist_mem_inst/gen_sdp_ram.sdpram_inst/qsdpo_int_31"
(FF) removed.
Unused block
"data_mem/U0/xst_options.dist_mem_inst/gen_sdp_ram.sdpram_inst/qsdpo_int_4" (FF)
removed.
Unused block
"data_mem/U0/xst_options.dist_mem_inst/gen_sdp_ram.sdpram_inst/qsdpo_int_5" (FF)
removed.
Unused block
"data_mem/U0/xst_options.dist_mem_inst/gen_sdp_ram.sdpram_inst/qsdpo_int_6" (FF)
removed.
Unused block
"data_mem/U0/xst_options.dist_mem_inst/gen_sdp_ram.sdpram_inst/qsdpo_int_7" (FF)
removed.
Unused block
"data_mem/U0/xst_options.dist_mem_inst/gen_sdp_ram.sdpram_inst/qsdpo_int_8" (FF)
removed.
Unused block
"data_mem/U0/xst_options.dist_mem_inst/gen_sdp_ram.sdpram_inst/qsdpo_int_9" (FF)
removed.
Unused block
"instruct_mem/U0/xst_options.dist_mem_inst/gen_sdp_ram.sdpram_inst/qsdpo_int_0"
(FF) removed.
Unused block
"instruct_mem/U0/xst_options.dist_mem_inst/gen_sdp_ram.sdpram_inst/qsdpo_int_1"
(FF) removed.
Unused block
"instruct_mem/U0/xst_options.dist_mem_inst/gen_sdp_ram.sdpram_inst/qsdpo_int_10"
(FF) removed.
Unused block
"instruct_mem/U0/xst_options.dist_mem_inst/gen_sdp_ram.sdpram_inst/qsdpo_int_11"
(FF) removed.
Unused block
"instruct_mem/U0/xst_options.dist_mem_inst/gen_sdp_ram.sdpram_inst/qsdpo_int_12"
(FF) removed.
Unused block
"instruct_mem/U0/xst_options.dist_mem_inst/gen_sdp_ram.sdpram_inst/qsdpo_int_13"
(FF) removed.
Unused block
"instruct_mem/U0/xst_options.dist_mem_inst/gen_sdp_ram.sdpram_inst/qsdpo_int_14"
(FF) removed.
Unused block
"instruct_mem/U0/xst_options.dist_mem_inst/gen_sdp_ram.sdpram_inst/qsdpo_int_15"
(FF) removed.
Unused block
"instruct_mem/U0/xst_options.dist_mem_inst/gen_sdp_ram.sdpram_inst/qsdpo_int_16"
(FF) removed.
Unused block
"instruct_mem/U0/xst_options.dist_mem_inst/gen_sdp_ram.sdpram_inst/qsdpo_int_17"
(FF) removed.
Unused block
"instruct_mem/U0/xst_options.dist_mem_inst/gen_sdp_ram.sdpram_inst/qsdpo_int_18"
(FF) removed.
Unused block
"instruct_mem/U0/xst_options.dist_mem_inst/gen_sdp_ram.sdpram_inst/qsdpo_int_19"
(FF) removed.
Unused block
"instruct_mem/U0/xst_options.dist_mem_inst/gen_sdp_ram.sdpram_inst/qsdpo_int_2"
(FF) removed.
Unused block
"instruct_mem/U0/xst_options.dist_mem_inst/gen_sdp_ram.sdpram_inst/qsdpo_int_20"
(FF) removed.
Unused block
"instruct_mem/U0/xst_options.dist_mem_inst/gen_sdp_ram.sdpram_inst/qsdpo_int_21"
(FF) removed.
Unused block
"instruct_mem/U0/xst_options.dist_mem_inst/gen_sdp_ram.sdpram_inst/qsdpo_int_22"
(FF) removed.
Unused block
"instruct_mem/U0/xst_options.dist_mem_inst/gen_sdp_ram.sdpram_inst/qsdpo_int_23"
(FF) removed.
Unused block
"instruct_mem/U0/xst_options.dist_mem_inst/gen_sdp_ram.sdpram_inst/qsdpo_int_24"
(FF) removed.
Unused block
"instruct_mem/U0/xst_options.dist_mem_inst/gen_sdp_ram.sdpram_inst/qsdpo_int_25"
(FF) removed.
Unused block
"instruct_mem/U0/xst_options.dist_mem_inst/gen_sdp_ram.sdpram_inst/qsdpo_int_26"
(FF) removed.
Unused block
"instruct_mem/U0/xst_options.dist_mem_inst/gen_sdp_ram.sdpram_inst/qsdpo_int_27"
(FF) removed.
Unused block
"instruct_mem/U0/xst_options.dist_mem_inst/gen_sdp_ram.sdpram_inst/qsdpo_int_28"
(FF) removed.
Unused block
"instruct_mem/U0/xst_options.dist_mem_inst/gen_sdp_ram.sdpram_inst/qsdpo_int_29"
(FF) removed.
Unused block
"instruct_mem/U0/xst_options.dist_mem_inst/gen_sdp_ram.sdpram_inst/qsdpo_int_3"
(FF) removed.
Unused block
"instruct_mem/U0/xst_options.dist_mem_inst/gen_sdp_ram.sdpram_inst/qsdpo_int_30"
(FF) removed.
Unused block
"instruct_mem/U0/xst_options.dist_mem_inst/gen_sdp_ram.sdpram_inst/qsdpo_int_31"
(FF) removed.
Unused block
"instruct_mem/U0/xst_options.dist_mem_inst/gen_sdp_ram.sdpram_inst/qsdpo_int_4"
(FF) removed.
Unused block
"instruct_mem/U0/xst_options.dist_mem_inst/gen_sdp_ram.sdpram_inst/qsdpo_int_5"
(FF) removed.
Unused block
"instruct_mem/U0/xst_options.dist_mem_inst/gen_sdp_ram.sdpram_inst/qsdpo_int_6"
(FF) removed.
Unused block
"instruct_mem/U0/xst_options.dist_mem_inst/gen_sdp_ram.sdpram_inst/qsdpo_int_7"
(FF) removed.
Unused block
"instruct_mem/U0/xst_options.dist_mem_inst/gen_sdp_ram.sdpram_inst/qsdpo_int_8"
(FF) removed.
Unused block
"instruct_mem/U0/xst_options.dist_mem_inst/gen_sdp_ram.sdpram_inst/qsdpo_int_9"
(FF) removed.

Optimized Block(s):
TYPE 		BLOCK
GND 		XST_GND
VCC 		XST_VCC
GND 		beta/rf/A_DIST/XST_GND
GND 		beta/rf/B_DIST/XST_GND
GND 		data_mem/XST_GND
GND 		instruct_mem/XST_GND

To enable printing of redundant blocks removed and signals merged, set the
detailed map report option and rerun map.

Section 12 - Configuration String Details
-----------------------------------------
Use the "-detail" map option to print out Configuration Strings

Section 13 - Control Set Information
------------------------------------
Use the "-detail" map option to print out Control Set Information.
